{"name": "Проверка операции сложения", "status": "failed", "statusDetails": {"message": "AssertionError: Ожидался результат 15, но получено 7+8\nassert '7+8' == '15'\n  \n  \u001b[0m\u001b[91m- 15\u001b[39;49;00m\u001b[90m\u001b[39;49;00m\n  \u001b[92m+ 7+8\u001b[39;49;00m\u001b[90m\u001b[39;49;00m", "trace": "self = <tests.test_calculator.TestCalculator object at 0x00000225FE6FD1D0>\n\n    @allure.title(\"Проверка операции сложения\")\n    @allure.description(\"Тест проверяет базовую операцию сложения в калькуляторе.\")\n    def test_addition_operation(self):\n        with allure.step(\"Открыть страницу калькулятора\"):\n            self.driver.get(\"https://bonigarcia.dev/selenium-webdriver-java/slow-calculator.html\")\n    \n        with allure.step(\"Выполнить операцию 7 + 8\"):\n            self.calc_page.click_number_7()\n            self.calc_page.click_plus()\n            self.calc_page.click_number_8()\n            self.calc_page.click_equals()\n    \n        with allure.step(\"Проверить результат\"):\n            result = self.calc_page.get_result()\n>           assert result == \"15\", f\"Ожидался результат 15, но получено {result}\"\nE           AssertionError: Ожидался результат 15, но получено 7+8\nE           assert '7+8' == '15'\nE             \nE             \u001b[0m\u001b[91m- 15\u001b[39;49;00m\u001b[90m\u001b[39;49;00m\nE             \u001b[92m+ 7+8\u001b[39;49;00m\u001b[90m\u001b[39;49;00m\n\ntests\\test_calculator.py:48: AssertionError"}, "description": "Тест проверяет базовую операцию сложения в калькуляторе.", "steps": [{"name": "Открыть страницу калькулятора", "status": "passed", "start": 1757432771984, "stop": 1757432772548}, {"name": "Выполнить операцию 7 + 8", "status": "passed", "steps": [{"name": "Нажать кнопку '7'", "status": "passed", "start": 1757432772548, "stop": 1757432772590}, {"name": "Нажать кнопку '+'", "status": "passed", "start": 1757432772590, "stop": 1757432772622}, {"name": "Нажать кнопку '8'", "status": "passed", "start": 1757432772622, "stop": 1757432772656}, {"name": "Нажать кнопку '='", "status": "passed", "start": 1757432772656, "stop": 1757432772690}], "start": 1757432772548, "stop": 1757432772690}, {"name": "Проверить результат", "status": "failed", "statusDetails": {"message": "AssertionError: Ожидался результат 15, но получено 7+8\nassert '7+8' == '15'\n  \n  \u001b[0m\u001b[91m- 15\u001b[39;49;00m\u001b[90m\u001b[39;49;00m\n  \u001b[92m+ 7+8\u001b[39;49;00m\u001b[90m\u001b[39;49;00m\n", "trace": "  File \"C:\\Users\\smoro\\Lesson_10\\tests\\test_calculator.py\", line 48, in test_addition_operation\n    assert result == \"15\", f\"Ожидался результат 15, но получено {result}\"\n"}, "steps": [{"name": "Получить результат вычислений", "status": "passed", "start": 1757432772690, "stop": 1757432772703}], "start": 1757432772690, "stop": 1757432772703}], "attachments": [{"name": "screenshot", "source": "31ab946d-a33e-4634-9e99-ba70a354b316-attachment.png", "type": "image/png"}], "start": 1757432771984, "stop": 1757432772704, "uuid": "8257a48a-31f2-4f38-8173-ca598f3e1f16", "historyId": "707806d2074ec1f77aec1f80e6b2aebe", "testCaseId": "707806d2074ec1f77aec1f80e6b2aebe", "fullName": "tests.test_calculator.TestCalculator#test_addition_operation", "labels": [{"name": "feature", "value": "Калькулятор"}, {"name": "severity", "value": "critical"}, {"name": "parentSuite", "value": "tests"}, {"name": "suite", "value": "test_calculator"}, {"name": "subSuite", "value": "TestCalculator"}, {"name": "host", "value": "DESKTOP-NU1L452"}, {"name": "thread", "value": "6868-MainThread"}, {"name": "framework", "value": "pytest"}, {"name": "language", "value": "cpython3"}, {"name": "package", "value": "tests.test_calculator"}], "titlePath": ["tests", "test_calculator.py", "TestCalculator"]}