{"name": "Проверка работы калькулятора с задержкой", "status": "failed", "statusDetails": {"message": "AssertionError: Ожидался результат 15, но получено 7+8\nassert '7+8' == '15'\n  \n  \u001b[0m\u001b[91m- 15\u001b[39;49;00m\u001b[90m\u001b[39;49;00m\n  \u001b[92m+ 7+8\u001b[39;49;00m\u001b[90m\u001b[39;49;00m", "trace": "self = <tests.test_calculator.TestCalculator object at 0x00000225FE6FCE10>\n\n    @allure.title(\"Проверка работы калькулятора с задержкой\")\n    @allure.description(\"Тест проверяет корректность работы калькулятора с установленной задержкой выполнения операций.\")\n    def test_calculator_with_delay(self):\n        with allure.step(\"Открыть страницу калькулятора\"):\n            self.driver.get(\"https://bonigarcia.dev/selenium-webdriver-java/slow-calculator.html\")\n    \n        with allure.step(\"Установить задержку 45 секунд\"):\n            self.calc_page.set_delay(\"45\")\n    \n        with allure.step(\"Выполнить операцию 7 + 8\"):\n            self.calc_page.click_number_7()\n            self.calc_page.click_plus()\n            self.calc_page.click_number_8()\n            self.calc_page.click_equals()\n    \n        with allure.step(\"Проверить результат через 45 секунд\"):\n            result = self.calc_page.get_result()\n>           assert result == \"15\", f\"Ожидался результат 15, но получено {result}\"\nE           AssertionError: Ожидался результат 15, но получено 7+8\nE           assert '7+8' == '15'\nE             \nE             \u001b[0m\u001b[91m- 15\u001b[39;49;00m\u001b[90m\u001b[39;49;00m\nE             \u001b[92m+ 7+8\u001b[39;49;00m\u001b[90m\u001b[39;49;00m\n\ntests\\test_calculator.py:32: AssertionError"}, "description": "Тест проверяет корректность работы калькулятора с установленной задержкой выполнения операций.", "steps": [{"name": "Открыть страницу калькулятора", "status": "passed", "start": 1757432767380, "stop": 1757432768285}, {"name": "Установить задержку 45 секунд", "status": "passed", "steps": [{"name": "Установить задержку ''45'' секунд", "status": "passed", "parameters": [{"name": "delay", "value": "'45'"}], "start": 1757432768285, "stop": 1757432768350}], "start": 1757432768285, "stop": 1757432768350}, {"name": "Выполнить операцию 7 + 8", "status": "passed", "steps": [{"name": "Нажать кнопку '7'", "status": "passed", "start": 1757432768350, "stop": 1757432768423}, {"name": "Нажать кнопку '+'", "status": "passed", "start": 1757432768423, "stop": 1757432768477}, {"name": "Нажать кнопку '8'", "status": "passed", "start": 1757432768477, "stop": 1757432768510}, {"name": "Нажать кнопку '='", "status": "passed", "start": 1757432768510, "stop": 1757432768542}], "start": 1757432768350, "stop": 1757432768542}, {"name": "Проверить результат через 45 секунд", "status": "failed", "statusDetails": {"message": "AssertionError: Ожидался результат 15, но получено 7+8\nassert '7+8' == '15'\n  \n  \u001b[0m\u001b[91m- 15\u001b[39;49;00m\u001b[90m\u001b[39;49;00m\n  \u001b[92m+ 7+8\u001b[39;49;00m\u001b[90m\u001b[39;49;00m\n", "trace": "  File \"C:\\Users\\smoro\\Lesson_10\\tests\\test_calculator.py\", line 32, in test_calculator_with_delay\n    assert result == \"15\", f\"Ожидался результат 15, но получено {result}\"\n"}, "steps": [{"name": "Получить результат вычислений", "status": "passed", "start": 1757432768542, "stop": 1757432768554}], "start": 1757432768542, "stop": 1757432768555}], "attachments": [{"name": "screenshot", "source": "e46a2b14-518a-4907-a173-17018483c10f-attachment.png", "type": "image/png"}], "start": 1757432767380, "stop": 1757432768555, "uuid": "ad8f234e-a6ad-42b1-bc18-1055584ff2a2", "historyId": "7670c6efb1891d83dd831e231ce36c2a", "testCaseId": "7670c6efb1891d83dd831e231ce36c2a", "fullName": "tests.test_calculator.TestCalculator#test_calculator_with_delay", "labels": [{"name": "feature", "value": "Калькулятор"}, {"name": "severity", "value": "critical"}, {"name": "parentSuite", "value": "tests"}, {"name": "suite", "value": "test_calculator"}, {"name": "subSuite", "value": "TestCalculator"}, {"name": "host", "value": "DESKTOP-NU1L452"}, {"name": "thread", "value": "6868-MainThread"}, {"name": "framework", "value": "pytest"}, {"name": "language", "value": "cpython3"}, {"name": "package", "value": "tests.test_calculator"}], "titlePath": ["tests", "test_calculator.py", "TestCalculator"]}